Build started 2016/6/22 19:57:53.
     1>Project "E:\Workspace\C++\Opencv2.4.10\VideoProcessing\VideoProcessing\VideoProcessing.vcxproj" on node 2 (build target(s)).
     1>InitializeBuildStatus:
         Creating "Debug\VideoProcessing.unsuccessfulbuild" because "AlwaysCreate" was specified.
       ClCompile:
         D:\Microsoft Visual Studio 10.0\VC\bin\CL.exe /c /ZI /nologo /W3 /WX- /Od /Oy- /D WIN32 /D _DEBUG /D _CONSOLE /D _UNICODE /D UNICODE /Gm /EHsc /RTC1 /MDd /GS /fp:precise /Zc:wchar_t /Zc:forScope /Fo"Debug\\" /Fd"Debug\vc100.pdb" /Gd /TP /analyze- /errorReport:prompt Segment.cpp
         Segment.cpp
     1>d:\opencv\build\include\opencv2\flann\logger.h(66): warning C4996: 'fopen': This function or variable may be unsafe. Consider using fopen_s instead. To disable deprecation, use _CRT_SECURE_NO_WARNINGS. See online help for details.
                 d:\microsoft visual studio 10.0\vc\include\stdio.h(234) : see declaration of 'fopen'
     1>e:\workspace\c++\opencv2.4.10\videoprocessing\videoprocessing\segment.cpp(146): warning C4018: '<' : signed/unsigned mismatch
     1>e:\workspace\c++\opencv2.4.10\videoprocessing\videoprocessing\segment.cpp(148): warning C4018: '<' : signed/unsigned mismatch
     1>e:\workspace\c++\opencv2.4.10\videoprocessing\videoprocessing\segment.cpp(213): warning C4244: '=' : conversion from 'float' to 'int', possible loss of data
     1>e:\workspace\c++\opencv2.4.10\videoprocessing\videoprocessing\segment.cpp(247): warning C4018: '<' : signed/unsigned mismatch
     1>e:\workspace\c++\opencv2.4.10\videoprocessing\videoprocessing\segment.cpp(250): warning C4018: '<' : signed/unsigned mismatch
     1>e:\workspace\c++\opencv2.4.10\videoprocessing\videoprocessing\segment.cpp(281): warning C4018: '<' : signed/unsigned mismatch
     1>e:\workspace\c++\opencv2.4.10\videoprocessing\videoprocessing\segment.cpp(284): warning C4018: '<' : signed/unsigned mismatch
     1>e:\workspace\c++\opencv2.4.10\videoprocessing\videoprocessing\segment.cpp(286): warning C4258: 'i' : definition from the for loop is ignored; the definition from the enclosing scope is used
                 e:\workspace\c++\opencv2.4.10\videoprocessing\videoprocessing\segment.cpp(284) : definition of 'i' ignored
                 e:\workspace\c++\opencv2.4.10\videoprocessing\videoprocessing\segment.cpp(281) : definition of 'i' used
     1>e:\workspace\c++\opencv2.4.10\videoprocessing\videoprocessing\segment.cpp(303): warning C4018: '<' : signed/unsigned mismatch
     1>e:\workspace\c++\opencv2.4.10\videoprocessing\videoprocessing\segment.cpp(502): warning C4244: 'initializing' : conversion from '__int64' to 'double', possible loss of data
     1>e:\workspace\c++\opencv2.4.10\videoprocessing\videoprocessing\segment.cpp(502): warning C4244: 'initializing' : conversion from '__int64' to 'double', possible loss of data
     1>e:\workspace\c++\opencv2.4.10\videoprocessing\videoprocessing\segment.cpp(504): warning C4244: 'initializing' : conversion from '__int64' to 'double', possible loss of data
     1>e:\workspace\c++\opencv2.4.10\videoprocessing\videoprocessing\segment.cpp(540): warning C4244: '+=' : conversion from 'double' to '__int64', possible loss of data
     1>e:\workspace\c++\opencv2.4.10\videoprocessing\videoprocessing\segment.cpp(553): warning C4244: '+=' : conversion from 'double' to '__int64', possible loss of data
     1>e:\workspace\c++\opencv2.4.10\videoprocessing\videoprocessing\segment.cpp(683): warning C4244: '=' : conversion from 'double' to 'int', possible loss of data
     1>e:\workspace\c++\opencv2.4.10\videoprocessing\videoprocessing\segment.cpp(684): warning C4244: '=' : conversion from 'double' to 'int', possible loss of data
     1>e:\workspace\c++\opencv2.4.10\videoprocessing\videoprocessing\segment.cpp(705): warning C4244: 'initializing' : conversion from 'double' to 'int', possible loss of data
     1>e:\workspace\c++\opencv2.4.10\videoprocessing\videoprocessing\segment.cpp(706): warning C4244: 'initializing' : conversion from 'double' to 'int', possible loss of data
     1>e:\workspace\c++\opencv2.4.10\videoprocessing\videoprocessing\segment.cpp(708): warning C4244: 'initializing' : conversion from 'int' to 'float', possible loss of data
     1>e:\workspace\c++\opencv2.4.10\videoprocessing\videoprocessing\segment.cpp(709): warning C4244: '=' : conversion from 'float' to 'uchar', possible loss of data
     1>e:\workspace\c++\opencv2.4.10\videoprocessing\videoprocessing\segment.cpp(710): warning C4244: '=' : conversion from 'float' to 'uchar', possible loss of data
     1>e:\workspace\c++\opencv2.4.10\videoprocessing\videoprocessing\segment.cpp(711): warning C4244: '=' : conversion from 'float' to 'uchar', possible loss of data
     1>e:\workspace\c++\opencv2.4.10\videoprocessing\videoprocessing\segment.cpp(800): warning C4018: '<' : signed/unsigned mismatch
     1>e:\workspace\c++\opencv2.4.10\videoprocessing\videoprocessing\segment.cpp(803): warning C4018: '<' : signed/unsigned mismatch
     1>e:\workspace\c++\opencv2.4.10\videoprocessing\videoprocessing\segment.cpp(235): warning C4715: 'decide' : not all control paths return a value
       ManifestResourceCompile:
         All outputs are up-to-date.
       Link:
         D:\Microsoft Visual Studio 10.0\VC\bin\link.exe /ERRORREPORT:PROMPT /OUT:"E:\Workspace\C++\Opencv2.4.10\VideoProcessing\Debug\VideoProcessing.exe" /INCREMENTAL /NOLOGO opencv_ml2410d.lib opencv_calib3d2410d.lib opencv_contrib2410d.lib opencv_core2410d.lib opencv_features2d2410d.lib opencv_flann2410d.lib opencv_gpu2410d.lib opencv_highgui2410d.lib opencv_imgproc2410d.lib opencv_legacy2410d.lib opencv_objdetect2410d.lib opencv_ts2410d.lib opencv_video2410d.lib opencv_nonfree2410d.lib opencv_ocl2410d.lib opencv_photo2410d.lib opencv_stitching2410d.lib opencv_superres2410d.lib opencv_videostab2410d.lib kernel32.lib user32.lib gdi32.lib winspool.lib comdlg32.lib advapi32.lib shell32.lib ole32.lib oleaut32.lib uuid.lib odbc32.lib odbccp32.lib /MANIFEST /ManifestFile:"Debug\VideoProcessing.exe.intermediate.manifest" /MANIFESTUAC:"level='asInvoker' uiAccess='false'" /DEBUG /PDB:"E:\Workspace\C++\Opencv2.4.10\VideoProcessing\Debug\VideoProcessing.pdb" /SUBSYSTEM:CONSOLE /TLBID:1 /DYNAMICBASE /NXCOMPAT /IMPLIB:"E:\Workspace\C++\Opencv2.4.10\VideoProcessing\Debug\VideoProcessing.lib" /MACHINE:X86 Debug\VideoProcessing.exe.embed.manifest.res
         Debug\Segment.obj
       Manifest:
         C:\Program Files (x86)\Microsoft SDKs\Windows\v7.0A\bin\mt.exe /nologo /verbose /out:"Debug\VideoProcessing.exe.embed.manifest" /manifest Debug\VideoProcessing.exe.intermediate.manifest
         All outputs are up-to-date.
       LinkEmbedManifest:
         All outputs are up-to-date.
         VideoProcessing.vcxproj -> E:\Workspace\C++\Opencv2.4.10\VideoProcessing\Debug\VideoProcessing.exe
       FinalizeBuildStatus:
         Deleting file "Debug\VideoProcessing.unsuccessfulbuild".
         Touching "Debug\VideoProcessing.lastbuildstate".
     1>Done Building Project "E:\Workspace\C++\Opencv2.4.10\VideoProcessing\VideoProcessing\VideoProcessing.vcxproj" (build target(s)).

Build succeeded.

Time Elapsed 00:00:01.42
