E:\WORKSPACE\C++\OPENCV2.4.10\VIDEOPROCESSING\DEBUG\VIDEOPROCESSING.EXE
E:\WORKSPACE\C++\OPENCV2.4.10\VIDEOPROCESSING\DEBUG\VIDEOPROCESSING.ILK
E:\WORKSPACE\C++\OPENCV2.4.10\VIDEOPROCESSING\DEBUG\VIDEOPROCESSING.PDB
E:\Workspace\C++\Opencv2.4.10\VideoProcessing\VideoProcessing\Debug\cl.command.1.tlog
E:\Workspace\C++\Opencv2.4.10\VideoProcessing\VideoProcessing\Debug\CL.read.1.tlog
E:\Workspace\C++\Opencv2.4.10\VideoProcessing\VideoProcessing\Debug\CL.write.1.tlog
E:\Workspace\C++\Opencv2.4.10\VideoProcessing\VideoProcessing\Debug\link.11476.read.1.tlog
E:\Workspace\C++\Opencv2.4.10\VideoProcessing\VideoProcessing\Debug\link.11476.write.1.tlog
E:\Workspace\C++\Opencv2.4.10\VideoProcessing\VideoProcessing\Debug\link.11476-cvtres.read.1.tlog
E:\Workspace\C++\Opencv2.4.10\VideoProcessing\VideoProcessing\Debug\link.11476-cvtres.write.1.tlog
E:\Workspace\C++\Opencv2.4.10\VideoProcessing\VideoProcessing\Debug\link.12148.read.1.tlog
E:\Workspace\C++\Opencv2.4.10\VideoProcessing\VideoProcessing\Debug\link.12148.write.1.tlog
E:\Workspace\C++\Opencv2.4.10\VideoProcessing\VideoProcessing\Debug\link.12148-cvtres.read.1.tlog
E:\Workspace\C++\Opencv2.4.10\VideoProcessing\VideoProcessing\Debug\link.12148-cvtres.write.1.tlog
E:\Workspace\C++\Opencv2.4.10\VideoProcessing\VideoProcessing\Debug\link.12172.read.1.tlog
E:\Workspace\C++\Opencv2.4.10\VideoProcessing\VideoProcessing\Debug\link.12172.write.1.tlog
E:\Workspace\C++\Opencv2.4.10\VideoProcessing\VideoProcessing\Debug\link.12172-cvtres.read.1.tlog
E:\Workspace\C++\Opencv2.4.10\VideoProcessing\VideoProcessing\Debug\link.12172-cvtres.write.1.tlog
E:\Workspace\C++\Opencv2.4.10\VideoProcessing\VideoProcessing\Debug\link.13164.read.1.tlog
E:\Workspace\C++\Opencv2.4.10\VideoProcessing\VideoProcessing\Debug\link.13164.write.1.tlog
E:\Workspace\C++\Opencv2.4.10\VideoProcessing\VideoProcessing\Debug\link.13164-cvtres.read.1.tlog
E:\Workspace\C++\Opencv2.4.10\VideoProcessing\VideoProcessing\Debug\link.13164-cvtres.write.1.tlog
E:\Workspace\C++\Opencv2.4.10\VideoProcessing\VideoProcessing\Debug\link.13664.read.1.tlog
E:\Workspace\C++\Opencv2.4.10\VideoProcessing\VideoProcessing\Debug\link.13664.write.1.tlog
E:\Workspace\C++\Opencv2.4.10\VideoProcessing\VideoProcessing\Debug\link.13664-cvtres.read.1.tlog
E:\Workspace\C++\Opencv2.4.10\VideoProcessing\VideoProcessing\Debug\link.13664-cvtres.write.1.tlog
E:\Workspace\C++\Opencv2.4.10\VideoProcessing\VideoProcessing\Debug\link.14052.read.1.tlog
E:\Workspace\C++\Opencv2.4.10\VideoProcessing\VideoProcessing\Debug\link.14052.write.1.tlog
E:\Workspace\C++\Opencv2.4.10\VideoProcessing\VideoProcessing\Debug\link.14052-cvtres.read.1.tlog
E:\Workspace\C++\Opencv2.4.10\VideoProcessing\VideoProcessing\Debug\link.14052-cvtres.write.1.tlog
E:\Workspace\C++\Opencv2.4.10\VideoProcessing\VideoProcessing\Debug\link.15716.read.1.tlog
E:\Workspace\C++\Opencv2.4.10\VideoProcessing\VideoProcessing\Debug\link.15716.write.1.tlog
E:\Workspace\C++\Opencv2.4.10\VideoProcessing\VideoProcessing\Debug\link.15716-cvtres.read.1.tlog
E:\Workspace\C++\Opencv2.4.10\VideoProcessing\VideoProcessing\Debug\link.15716-cvtres.write.1.tlog
E:\Workspace\C++\Opencv2.4.10\VideoProcessing\VideoProcessing\Debug\link.18396.read.1.tlog
E:\Workspace\C++\Opencv2.4.10\VideoProcessing\VideoProcessing\Debug\link.18396.write.1.tlog
E:\Workspace\C++\Opencv2.4.10\VideoProcessing\VideoProcessing\Debug\link.18396-cvtres.read.1.tlog
E:\Workspace\C++\Opencv2.4.10\VideoProcessing\VideoProcessing\Debug\link.18396-cvtres.write.1.tlog
E:\Workspace\C++\Opencv2.4.10\VideoProcessing\VideoProcessing\Debug\link.command.1.tlog
E:\Workspace\C++\Opencv2.4.10\VideoProcessing\VideoProcessing\Debug\link.read.1.tlog
E:\Workspace\C++\Opencv2.4.10\VideoProcessing\VideoProcessing\Debug\link.write.1.tlog
E:\Workspace\C++\Opencv2.4.10\VideoProcessing\VideoProcessing\Debug\link-cvtres.read.1.tlog
E:\Workspace\C++\Opencv2.4.10\VideoProcessing\VideoProcessing\Debug\link-cvtres.write.1.tlog
E:\WORKSPACE\C++\OPENCV2.4.10\VIDEOPROCESSING\VIDEOPROCESSING\DEBUG\MHI.OBJ
E:\Workspace\C++\Opencv2.4.10\VideoProcessing\VideoProcessing\Debug\mt.command.1.tlog
E:\Workspace\C++\Opencv2.4.10\VideoProcessing\VideoProcessing\Debug\mt.read.1.tlog
E:\Workspace\C++\Opencv2.4.10\VideoProcessing\VideoProcessing\Debug\mt.write.1.tlog
E:\Workspace\C++\Opencv2.4.10\VideoProcessing\VideoProcessing\Debug\rc.command.1.tlog
E:\Workspace\C++\Opencv2.4.10\VideoProcessing\VideoProcessing\Debug\rc.read.1.tlog
E:\Workspace\C++\Opencv2.4.10\VideoProcessing\VideoProcessing\Debug\rc.write.1.tlog
E:\WORKSPACE\C++\OPENCV2.4.10\VIDEOPROCESSING\VIDEOPROCESSING\DEBUG\SEGMENT.OBJ
E:\WORKSPACE\C++\OPENCV2.4.10\VIDEOPROCESSING\VIDEOPROCESSING\DEBUG\TEST.OBJ
E:\Workspace\C++\Opencv2.4.10\VideoProcessing\VideoProcessing\Debug\vc100.idb
E:\WORKSPACE\C++\OPENCV2.4.10\VIDEOPROCESSING\VIDEOPROCESSING\DEBUG\VC100.PDB
E:\WORKSPACE\C++\OPENCV2.4.10\VIDEOPROCESSING\VIDEOPROCESSING\DEBUG\VIDEOPROCESSING.EXE.EMBED.MANIFEST
E:\WORKSPACE\C++\OPENCV2.4.10\VIDEOPROCESSING\VIDEOPROCESSING\DEBUG\VIDEOPROCESSING.EXE.EMBED.MANIFEST.RES
E:\WORKSPACE\C++\OPENCV2.4.10\VIDEOPROCESSING\VIDEOPROCESSING\DEBUG\VIDEOPROCESSING.EXE.INTERMEDIATE.MANIFEST
E:\Workspace\C++\Opencv2.4.10\VideoProcessing\VideoProcessing\Debug\VideoProcessing.vcxprojResolveAssemblyReference.cache
E:\Workspace\C++\Opencv2.4.10\VideoProcessing\VideoProcessing\Debug\VideoProcessing.write.1.tlog
E:\Workspace\C++\Opencv2.4.10\VideoProcessing\VideoProcessing\Debug\VideoProcessing_manifest.rc
